<?xml version="1.0" encoding="UTF-8"?>
<testsuite xmlns:xsi="http://www.w3.org/2001/XMLSchema-instance" xsi:schemaLocation="https://maven.apache.org/surefire/maven-surefire-plugin/xsd/surefire-test-report.xsd" name="MULE.4.2.1.dummyproject-test-suite" time="3.876" failures="0" errors="0" skipped="0" tests="1">
  <properties>
    <property key="java.runtime.name" value="Java(TM) SE Runtime Environment"/>
    <property key="sun.boot.library.path" value="C:\Program Files\Java\jre1.8.0_221\bin"/>
    <property key="java.vm.version" value="25.221-b11"/>
    <property key="maven.multiModuleProjectDirectory" value="C:\Users\bhbhalla\Documents\Repo\Phase1-WithoutUsingBranches-"/>
    <property key="java.vm.vendor" value="Oracle Corporation"/>
    <property key="java.vendor.url" value="http://java.oracle.com/"/>
    <property key="guice.disable.misplaced.annotation.check" value="true"/>
    <property key="path.separator" value=";"/>
    <property key="java.vm.name" value="Java HotSpot(TM) 64-Bit Server VM"/>
    <property key="file.encoding.pkg" value="sun.io"/>
    <property key="user.country" value="US"/>
    <property key="user.script" value=""/>
    <property key="sun.java.launcher" value="SUN_STANDARD"/>
    <property key="sun.os.patch.level" value=""/>
    <property key="java.vm.specification.name" value="Java Virtual Machine Specification"/>
    <property key="user.dir" value="C:\Users\bhbhalla\Documents\Repo\Phase1-WithoutUsingBranches-"/>
    <property key="java.runtime.version" value="1.8.0_221-b11"/>
    <property key="java.awt.graphicsenv" value="sun.awt.Win32GraphicsEnvironment"/>
    <property key="java.endorsed.dirs" value="C:\Program Files\Java\jre1.8.0_221\lib\endorsed"/>
    <property key="os.arch" value="amd64"/>
    <property key="java.io.tmpdir" value="C:\Users\bhbhalla\AppData\Local\Temp\"/>
    <property key="line.separator" value="&#xd;&#xa;"/>
    <property key="java.vm.specification.vendor" value="Oracle Corporation"/>
    <property key="user.variant" value=""/>
    <property key="os.name" value="Windows 10"/>
    <property key="classworlds.conf" value="C:\Program Files\apache-maven-3.6.3\bin\..\bin\m2.conf"/>
    <property key="sun.jnu.encoding" value="Cp1252"/>
    <property key="java.library.path" value="C:\Program Files (x86)\Common Files\Oracle\Java\javapath;C:\WINDOWS\Sun\Java\bin;C:\WINDOWS\system32;C:\WINDOWS;C:\oraclexe\app\oracle\product\11.2.0\server\bin;C:\Program Files (x86)\Common Files\Oracle\Java\javapath;C:\WINDOWS\system32;C:\WINDOWS;C:\WINDOWS\System32\Wbem;C:\WINDOWS\System32\WindowsPowerShell\v1.0\;C:\WINDOWS\System32\OpenSSH\;C:\Program Files\Java\jdk1.8.0_221\bin;C:\Program Files\apache-maven-3.6.3\bin;C:\Program Files\nodejs\node_modules\npm\bin;C:\Users\EUCDADMIN\AppData\Roaming\npm\node_modules\@angular;C:\Users\bhbhalla\AppData\Roaming\npm\node_modules\@angular;C:\Users\bhbhalla\AppData\Roaming\npm\node_modules\@angular\cli\bin;C:\Program Files\nodejs\;%JAVA_HOME%\bin;C:\Users\bhbhalla\AppData\Local\Microsoft\WindowsApps;C:\Users\bhbhalla\AppData\Local\Programs\Git\cmd;."/>
    <property key="maven.conf" value="C:\Program Files\apache-maven-3.6.3\bin\../conf"/>
    <property key="java.specification.name" value="Java Platform API Specification"/>
    <property key="java.class.version" value="52.0"/>
    <property key="sun.management.compiler" value="HotSpot 64-Bit Tiered Compilers"/>
    <property key="os.version" value="10.0"/>
    <property key="library.jansi.path" value="C:\Program Files\apache-maven-3.6.3\bin\..\lib\jansi-native"/>
    <property key="user.home" value="C:\Users\bhbhalla"/>
    <property key="user.timezone" value="Asia/Calcutta"/>
    <property key="java.awt.printerjob" value="sun.awt.windows.WPrinterJob"/>
    <property key="file.encoding" value="Cp1252"/>
    <property key="java.specification.version" value="1.8"/>
    <property key="password" value="4ba4084f-79c5-4dfe-8802-90e950bd07d1"/>
    <property key="java.class.path" value="C:\Program Files\apache-maven-3.6.3\bin\..\boot\plexus-classworlds-2.6.0.jar"/>
    <property key="user.name" value="bhbhalla"/>
    <property key="java.vm.specification.version" value="1.8"/>
    <property key="repositoryId" value="ExchangeRepository"/>
    <property key="sun.java.command" value="org.codehaus.plexus.classworlds.launcher.Launcher deploy -Dpassword=4ba4084f-79c5-4dfe-8802-90e950bd07d1 -DrepositoryId=ExchangeRepository"/>
    <property key="java.home" value="C:\Program Files\Java\jre1.8.0_221"/>
    <property key="sun.arch.data.model" value="64"/>
    <property key="user.language" value="en"/>
    <property key="java.specification.vendor" value="Oracle Corporation"/>
    <property key="awt.toolkit" value="sun.awt.windows.WToolkit"/>
    <property key="java.vm.info" value="mixed mode"/>
    <property key="java.version" value="1.8.0_221"/>
    <property key="java.ext.dirs" value="C:\Program Files\Java\jre1.8.0_221\lib\ext;C:\WINDOWS\Sun\Java\lib\ext"/>
    <property key="sun.boot.class.path" value="C:\Program Files\Java\jre1.8.0_221\lib\resources.jar;C:\Program Files\Java\jre1.8.0_221\lib\rt.jar;C:\Program Files\Java\jre1.8.0_221\lib\sunrsasign.jar;C:\Program Files\Java\jre1.8.0_221\lib\jsse.jar;C:\Program Files\Java\jre1.8.0_221\lib\jce.jar;C:\Program Files\Java\jre1.8.0_221\lib\charsets.jar;C:\Program Files\Java\jre1.8.0_221\lib\jfr.jar;C:\Program Files\Java\jre1.8.0_221\classes"/>
    <property key="java.vendor" value="Oracle Corporation"/>
    <property key="sun.stderr.encoding" value="cp437"/>
    <property key="maven.home" value="C:\Program Files\apache-maven-3.6.3\bin\.."/>
    <property key="file.separator" value="\"/>
    <property key="java.vendor.url.bug" value="http://bugreport.sun.com/bugreport/"/>
    <property key="sun.io.unicode.encoding" value="UnicodeLittle"/>
    <property key="sun.cpu.endian" value="little"/>
    <property key="sun.stdout.encoding" value="cp437"/>
    <property key="sun.desktop" value="windows"/>
    <property key="sun.cpu.isalist" value="amd64"/>
    <property key="munit.system.properties.file" value="C:\Users\bhbhalla\Documents\Repo\Phase1-WithoutUsingBranches-\target\user.system.properties"/>
    <property key="org.glassfish.grizzly.DEFAULT_MEMORY_MANAGER" value="org.glassfish.grizzly.memory.HeapMemoryManager"/>
  </properties>
  <testcase time="3.852" name="dummyproject-test-suite-dummyprojectFlowTest" classname="MULE.4.2.1.dummyproject-test-suite"/>
</testsuite>